<?xml version="1.0" encoding="UTF-8" ?>
<testsuite failures="0" time="0.052" errors="0" skipped="0" tests="1" name="com.tocandotecla.jira.plugins.MyPluginTest">
  <properties>
    <property name="java.runtime.name" value="Java(TM) SE Runtime Environment"/>
    <property name="sun.boot.library.path" value="/System/Library/Java/JavaVirtualMachines/1.6.0.jdk/Contents/Libraries"/>
    <property name="java.vm.version" value="20.4-b02-402"/>
    <property name="awt.nativeDoubleBuffering" value="true"/>
    <property name="gopherProxySet" value="false"/>
    <property name="mrj.build" value="10M3527"/>
    <property name="java.vm.vendor" value="Apple Inc."/>
    <property name="java.vendor.url" value="http://www.apple.com/"/>
    <property name="path.separator" value=":"/>
    <property name="java.vm.name" value="Java HotSpot(TM) 64-Bit Server VM"/>
    <property name="file.encoding.pkg" value="sun.io"/>
    <property name="user.country" value="US"/>
    <property name="sun.java.launcher" value="SUN_STANDARD"/>
    <property name="sun.os.patch.level" value="unknown"/>
    <property name="java.vm.specification.name" value="Java Virtual Machine Specification"/>
    <property name="user.dir" value="/Users/marranzr/TocandoTecla/workspace/currency"/>
    <property name="java.runtime.version" value="1.6.0_29-b11-402-10M3527"/>
    <property name="java.awt.graphicsenv" value="apple.awt.CGraphicsEnvironment"/>
    <property name="basedir" value="/Users/marranzr/TocandoTecla/workspace/currency"/>
    <property name="java.endorsed.dirs" value="/System/Library/Java/JavaVirtualMachines/1.6.0.jdk/Contents/Home/lib/endorsed"/>
    <property name="os.arch" value="x86_64"/>
    <property name="surefire.real.class.path" value="/var/folders/l6/l6l-hRHfFNeLP3aUeOLv7k+++TI/-Tmp-/surefirebooter1688548729608090603.jar"/>
    <property name="java.io.tmpdir" value="/var/folders/l6/l6l-hRHfFNeLP3aUeOLv7k+++TI/-Tmp-/"/>
    <property name="line.separator" value="
"/>
    <property name="java.vm.specification.vendor" value="Sun Microsystems Inc."/>
    <property name="os.name" value="Mac OS X"/>
    <property name="sun.jnu.encoding" value="MacRoman"/>
    <property name="java.library.path" value=".:/Library/Java/Extensions:/System/Library/Java/Extensions:/usr/lib/java"/>
    <property name="surefire.test.class.path" value="/Users/marranzr/TocandoTecla/workspace/currency/target/test-classes:/Users/marranzr/TocandoTecla/workspace/currency/target/classes:/Users/marranzr/.m2/repository/com/atlassian/jira/atlassian-jira/4.4.1/atlassian-jira-4.4.1.jar:/Users/marranzr/.m2/repository/com/atlassian/ofbiz/entityengine-share/1.0.11/entityengine-share-1.0.11.jar:/Users/marranzr/.m2/repository/log4j/log4j/1.2.15/log4j-1.2.15.jar:/Users/marranzr/.m2/repository/javax/mail/mail/1.4.1/mail-1.4.1.jar:/Users/marranzr/.m2/repository/javax/activation/activation/1.1.1/activation-1.1.1.jar:/Users/marranzr/.m2/repository/xerces/xercesImpl/2.9.1/xercesImpl-2.9.1.jar:/Users/marranzr/.m2/repository/com/atlassian/ofbiz/entityengine/1.0.11/entityengine-1.0.11.jar:/Users/marranzr/.m2/repository/jta/jta/1.0.1/jta-1.0.1.jar:/Users/marranzr/.m2/repository/commons-collections/commons-collections/3.2.1/commons-collections-3.2.1.jar:/Users/marranzr/.m2/repository/com/atlassian/util/concurrent/atlassian-util-concurrent/2.2.0/atlassian-util-concurrent-2.2.0.jar:/Users/marranzr/.m2/repository/opensymphony/webwork/1.4-atlassian-17/webwork-1.4-atlassian-17.jar:/Users/marranzr/.m2/repository/webwork/pell-multipart-request/1.31.0/pell-multipart-request-1.31.0.jar:/Users/marranzr/.m2/repository/org/apache/lucene/lucene-core/2.9.4/lucene-core-2.9.4.jar:/Users/marranzr/.m2/repository/com/atlassian/core/atlassian-core/4.6.0/atlassian-core-4.6.0.jar:/Users/marranzr/.m2/repository/commons-lang/commons-lang/2.5/commons-lang-2.5.jar:/Users/marranzr/.m2/repository/opensymphony/propertyset/1.5/propertyset-1.5.jar:/Users/marranzr/.m2/repository/dom4j/dom4j/1.4/dom4j-1.4.jar:/Users/marranzr/.m2/repository/xml-apis/xml-apis/1.3.04/xml-apis-1.3.04.jar:/Users/marranzr/.m2/repository/jaxen/jaxen/1.1.1/jaxen-1.1.1.jar:/Users/marranzr/.m2/repository/mockobjects/alt-jdk1.3/0.07/alt-jdk1.3-0.07.jar:/Users/marranzr/.m2/repository/com/atlassian/extras/atlassian-extras/2.2.2/atlassian-extras-2.2.2.jar:/Users/marranzr/.m2/repository/commons-codec/commons-codec/1.4/commons-codec-1.4.jar:/Users/marranzr/.m2/repository/com/atlassian/velocity/atlassian-velocity/0.8/atlassian-velocity-0.8.jar:/Users/marranzr/.m2/repository/opensymphony/oscore/2.2.7-atlassian-1/oscore-2.2.7-atlassian-1.jar:/Users/marranzr/.m2/repository/velocity/velocity/1.4-atlassian-9/velocity-1.4-atlassian-9.jar:/Users/marranzr/.m2/repository/opensymphony/osworkflow/2.8.0/osworkflow-2.8.0.jar:/Users/marranzr/.m2/repository/com/atlassian/crowd/embedded-crowd-api/2.2.8/embedded-crowd-api-2.2.8.jar:/Users/marranzr/.m2/repository/com/google/collections/google-collections/1.0/google-collections-1.0.jar:/Users/marranzr/.m2/repository/com/atlassian/crowd/embedded-crowd-core/2.2.8/embedded-crowd-core-2.2.8.jar:/Users/marranzr/.m2/repository/com/atlassian/crowd/embedded-crowd-spi/2.2.8/embedded-crowd-spi-2.2.8.jar:/Users/marranzr/.m2/repository/com/atlassian/crowd/crowd-api/2.2.8/crowd-api-2.2.8.jar:/Users/marranzr/.m2/repository/com/atlassian/crowd/crowd-integration-api/2.2.8/crowd-integration-api-2.2.8.jar:/Users/marranzr/.m2/repository/com/atlassian/spring/atlassian-spring/1.0/atlassian-spring-1.0.jar:/Users/marranzr/.m2/repository/com/atlassian/event/atlassian-event/2.1.1/atlassian-event-2.1.1.jar:/Users/marranzr/.m2/repository/org/springframework/spring-core/2.5.6/spring-core-2.5.6.jar:/Users/marranzr/.m2/repository/commons-logging/commons-logging/1.1.1/commons-logging-1.1.1.jar:/Users/marranzr/.m2/repository/org/springframework/spring-context/2.5.6.SEC02/spring-context-2.5.6.SEC02.jar:/Users/marranzr/.m2/repository/aopalliance/aopalliance/1.0/aopalliance-1.0.jar:/Users/marranzr/.m2/repository/org/springframework/spring-beans/2.5.6/spring-beans-2.5.6.jar:/Users/marranzr/.m2/repository/com/atlassian/profiling/atlassian-profiling/1.8.2/atlassian-profiling-1.8.2.jar:/Users/marranzr/.m2/repository/org/slf4j/slf4j-api/1.5.8/slf4j-api-1.5.8.jar:/Users/marranzr/.m2/repository/junit/junit/4.6/junit-4.6.jar:/Users/marranzr/.m2/repository/org/springframework/spring-web/2.0.6/spring-web-2.0.6.jar:/Users/marranzr/.m2/repository/com/atlassian/crowd/crowd-core/2.2.8/crowd-core-2.2.8.jar:/Users/marranzr/.m2/repository/com/atlassian/crowd/crowd-ldap/2.2.8/crowd-ldap-2.2.8.jar:/Users/marranzr/.m2/repository/com/atlassian/crowd/crowd-password-encoders/2.2.8/crowd-password-encoders-2.2.8.jar:/Users/marranzr/.m2/repository/com/atlassian/security/atlassian-password-encoder/2.2/atlassian-password-encoder-2.2.jar:/Users/marranzr/.m2/repository/org/springframework/security/spring-security-core/2.0.4/spring-security-core-2.0.4.jar:/Users/marranzr/.m2/repository/org/springframework/spring-aop/2.0.8/spring-aop-2.0.8.jar:/Users/marranzr/.m2/repository/org/springframework/spring-tx/2.5.6/spring-tx-2.5.6.jar:/Users/marranzr/.m2/repository/com/atlassian/plugins/atlassian-plugins-core/2.8.0/atlassian-plugins-core-2.8.0.jar:/Users/marranzr/.m2/repository/commons-io/commons-io/1.4/commons-io-1.4.jar:/Users/marranzr/.m2/repository/com/atlassian/multitenant/multitenant-core/1.0.3/multitenant-core-1.0.3.jar:/Users/marranzr/.m2/repository/javax/servlet/servlet-api/2.3/servlet-api-2.3.jar:/Users/marranzr/.m2/repository/net/jcip/jcip-annotations/1.0/jcip-annotations-1.0.jar:/Users/marranzr/.m2/repository/cglib/cglib-nodep/2.1_3/cglib-nodep-2.1_3.jar:/Users/marranzr/.m2/repository/com/atlassian/crowd/crowd-events/2.2.8/crowd-events-2.2.8.jar:/Users/marranzr/.m2/repository/com/atlassian/crowd/crowd-persistence/2.2.8/crowd-persistence-2.2.8.jar:/Users/marranzr/.m2/repository/com/atlassian/config/atlassian-config/0.15/atlassian-config-0.15.jar:/Users/marranzr/.m2/repository/net/sf/ehcache/ehcache/1.2.3/ehcache-1.2.3.jar:/Users/marranzr/.m2/repository/javax/transaction/jta/1.0.1B/jta-1.0.1B.jar:/Users/marranzr/.m2/repository/antlr/antlr/2.7.2/antlr-2.7.2.jar:/Users/marranzr/.m2/repository/org/springframework/spring-orm/2.5.6.SEC02/spring-orm-2.5.6.SEC02.jar:/Users/marranzr/.m2/repository/org/slf4j/slf4j-log4j12/1.5.8/slf4j-log4j12-1.5.8.jar:/Users/marranzr/.m2/repository/joda-time/joda-time/1.6/joda-time-1.6.jar:/Users/marranzr/.m2/repository/com/atlassian/crowd/crowd-remote/2.2.8/crowd-remote-2.2.8.jar:/Users/marranzr/.m2/repository/com/atlassian/crowd/crowd-integration-client-rest/2.2.8/crowd-integration-client-rest-2.2.8.jar:/Users/marranzr/.m2/repository/com/atlassian/crowd/crowd-integration-client-common/2.2.8/crowd-integration-client-common-2.2.8.jar:/Users/marranzr/.m2/repository/com/atlassian/security/atlassian-cookie-tools/2.2/atlassian-cookie-tools-2.2.jar:/Users/marranzr/.m2/repository/commons-httpclient/commons-httpclient/3.0.1/commons-httpclient-3.0.1.jar:/Users/marranzr/.m2/repository/org/springframework/ldap/spring-ldap-core/1.3.0.RELEASE/spring-ldap-core-1.3.0.RELEASE.jar:/Users/marranzr/.m2/repository/org/springframework/spring-context-support/2.5.6.SEC02/spring-context-support-2.5.6.SEC02.jar:/Users/marranzr/.m2/repository/quartz/quartz/1.5.1/quartz-1.5.1.jar:/Users/marranzr/.m2/repository/com/atlassian/security/atlassian-secure-random/2.2/atlassian-secure-random-2.2.jar:/Users/marranzr/.m2/repository/com/atlassian/johnson/atlassian-johnson/1.1/atlassian-johnson-1.1.jar:/Users/marranzr/.m2/repository/com/atlassian/mail/atlassian-mail/1.24/atlassian-mail-1.24.jar:/Users/marranzr/.m2/repository/mockobjects/mockobjects-alt-jdk1.3-j2ee1.3/0.09/mockobjects-alt-jdk1.3-j2ee1.3-0.09.jar:/Users/marranzr/.m2/repository/commons-beanutils/commons-beanutils/1.6.1/commons-beanutils-1.6.1.jar:/Users/marranzr/.m2/repository/commons-digester/commons-digester/1.4.1/commons-digester-1.4.1.jar:/Users/marranzr/.m2/repository/com/atlassian/trackback/atlassian-trackback/0.11/atlassian-trackback-0.11.jar:/Users/marranzr/.m2/repository/oro/oro/2.0.7/oro-2.0.7.jar:/Users/marranzr/.m2/repository/atlassian-bandana/atlassian-bandana/0.1.13/atlassian-bandana-0.1.13.jar:/Users/marranzr/.m2/repository/com/atlassian/multitenant/multitenant-utils/1.0.3/multitenant-utils-1.0.3.jar:/Users/marranzr/.m2/repository/com/atlassian/crowd/atlassian-embedded-crowd-ofbiz/1.2.9/atlassian-embedded-crowd-ofbiz-1.2.9.jar:/Users/marranzr/.m2/repository/com/atlassian/crowd/crowd-server-common/2.2.8/crowd-server-common-2.2.8.jar:/Users/marranzr/.m2/repository/org/antlr/antlr-runtime/3.1.3/antlr-runtime-3.1.3.jar:/Users/marranzr/.m2/repository/com/atlassian/crowd/crowd-integration-client/2.2.8/crowd-integration-client-2.2.8.jar:/Users/marranzr/.m2/repository/org/codehaus/xfire/xfire-core/1.2.6/xfire-core-1.2.6.jar:/Users/marranzr/.m2/repository/wsdl4j/wsdl4j/1.6.1/wsdl4j-1.6.1.jar:/Users/marranzr/.m2/repository/jdom/jdom/1.0/jdom-1.0.jar:/Users/marranzr/.m2/repository/stax/stax-api/1.0.1/stax-api-1.0.1.jar:/Users/marranzr/.m2/repository/org/codehaus/woodstox/wstx-asl/3.2.4/wstx-asl-3.2.4.jar:/Users/marranzr/.m2/repository/org/codehaus/xfire/xfire-aegis/1.2.6/xfire-aegis-1.2.6.jar:/Users/marranzr/.m2/repository/com/atlassian/sal/sal-spi/2.6.1/sal-spi-2.6.1.jar:/Users/marranzr/.m2/repository/com/atlassian/sal/sal-core/2.6.1/sal-core-2.6.1.jar:/Users/marranzr/.m2/repository/com/atlassian/sal/sal-api/2.6.1/sal-api-2.6.1.jar:/Users/marranzr/.m2/repository/com/atlassian/seraph/atlassian-seraph/2.5.1/atlassian-seraph-2.5.1.jar:/Users/marranzr/.m2/repository/bouncycastle/bcprov-jdk14/138/bcprov-jdk14-138.jar:/Users/marranzr/.m2/repository/com/atlassian/gadgets/atlassian-gadgets-api/3.1.9/atlassian-gadgets-api-3.1.9.jar:/Users/marranzr/.m2/repository/com/atlassian/gadgets/atlassian-gadgets-spi/3.1.9/atlassian-gadgets-spi-3.1.9.jar:/Users/marranzr/.m2/repository/com/atlassian/oauth/atlassian-oauth-api/1.2.2/atlassian-oauth-api-1.2.2.jar:/Users/marranzr/.m2/repository/com/atlassian/p4package/atlassian-p4package/2007.12.14/atlassian-p4package-2007.12.14.jar:/Users/marranzr/.m2/repository/com/atlassian/cache/atlassian-cache-api/1.0/atlassian-cache-api-1.0.jar:/Users/marranzr/.m2/repository/com/atlassian/cache/atlassian-cache-memory/1.0/atlassian-cache-memory-1.0.jar:/Users/marranzr/.m2/repository/com/sun/jai_core/1.1.3/jai_core-1.1.3.jar:/Users/marranzr/.m2/repository/com/sun/jai_codec/1.1.3/jai_codec-1.1.3.jar:/Users/marranzr/.m2/repository/com/atlassian/activeobjects/activeobjects-spi/0.15.8/activeobjects-spi-0.15.8.jar:/Users/marranzr/.m2/repository/org/slf4j/jul-to-slf4j/1.5.8/jul-to-slf4j-1.5.8.jar:/Users/marranzr/.m2/repository/org/slf4j/jcl-over-slf4j/1.5.8/jcl-over-slf4j-1.5.8.jar:/Users/marranzr/.m2/repository/com/atlassian/jdk/utilities/atlassian-jdk-utilities/0.4/atlassian-jdk-utilities-0.4.jar:/Users/marranzr/.m2/repository/com/atlassian/scheduler/atlassian-scheduler/0.14/atlassian-scheduler-0.14.jar:/Users/marranzr/.m2/repository/com/atlassian/plugins/atlassian-plugins-servlet/2.8.0/atlassian-plugins-servlet-2.8.0.jar:/Users/marranzr/.m2/repository/com/atlassian/plugins/atlassian-plugins-webfragment/2.8.0/atlassian-plugins-webfragment-2.8.0.jar:/Users/marranzr/.m2/repository/com/atlassian/plugins/atlassian-plugins-webresource/2.8.0/atlassian-plugins-webresource-2.8.0.jar:/Users/marranzr/.m2/repository/com/atlassian/plugins/atlassian-plugins-osgi/2.8.0/atlassian-plugins-osgi-2.8.0.jar:/Users/marranzr/.m2/repository/com/atlassian/plugins/atlassian-plugins-osgi-events/2.8.0/atlassian-plugins-osgi-events-2.8.0.jar:/Users/marranzr/.m2/repository/biz/aQute/bndlib/0.0.255/bndlib-0.0.255.jar:/Users/marranzr/.m2/repository/org/apache/felix/org.apache.felix.framework/3.0.2/org.apache.felix.framework-3.0.2.jar:/Users/marranzr/.m2/repository/org/twdata/pkgscanner/package-scanner/0.9.5/package-scanner-0.9.5.jar:/Users/marranzr/.m2/repository/com/atlassian/security/auth/trustedapps/atlassian-trusted-apps-core/2.5.1/atlassian-trusted-apps-core-2.5.1.jar:/Users/marranzr/.m2/repository/com/atlassian/ip/atlassian-ip/2.0/atlassian-ip-2.0.jar:/Users/marranzr/.m2/repository/com/atlassian/security/auth/trustedapps/atlassian-trusted-apps-seraph-integration/2.5.1/atlassian-trusted-apps-seraph-integration-2.5.1.jar:/Users/marranzr/.m2/repository/bouncycastle/bcprov-jdk15/140/bcprov-jdk15-140.jar:/Users/marranzr/.m2/repository/com/atlassian/renderer/atlassian-renderer/3.14.3/atlassian-renderer-3.14.3.jar:/Users/marranzr/.m2/repository/radeox/radeox/1.0b2-forked-22Apr2004/radeox-1.0b2-forked-22Apr2004.jar:/Users/marranzr/.m2/repository/com/atlassian/gzipfilter/atlassian-gzipfilter/1.9/atlassian-gzipfilter-1.9.jar:/Users/marranzr/.m2/repository/opensymphony/sitemesh/2.4.2-atlassian-2/sitemesh-2.4.2-atlassian-2.jar:/Users/marranzr/.m2/repository/commons-configuration/commons-configuration/1.0/commons-configuration-1.0.jar:/Users/marranzr/.m2/repository/org/apache/lucene/lucene-analyzers/2.9.4/lucene-analyzers-2.9.4.jar:/Users/marranzr/.m2/repository/org/apache/velocity/velocity-tools/1.3/velocity-tools-1.3.jar:/Users/marranzr/.m2/repository/commons-validator/commons-validator/1.3.1/commons-validator-1.3.1.jar:/Users/marranzr/.m2/repository/sslext/sslext/1.2-0/sslext-1.2-0.jar:/Users/marranzr/.m2/repository/struts/struts/1.2.9/struts-1.2.9.jar:/Users/marranzr/.m2/repository/commons-fileupload/commons-fileupload/1.0/commons-fileupload-1.0.jar:/Users/marranzr/.m2/repository/xalan/xalan/2.7.0/xalan-2.7.0.jar:/Users/marranzr/.m2/repository/glue/glue/5.0b2/glue-5.0b2.jar:/Users/marranzr/.m2/repository/bsf/bsf/2.2/bsf-2.2.jar:/Users/marranzr/.m2/repository/bsh/bsh/1.2b7/bsh-1.2b7.jar:/Users/marranzr/.m2/repository/net/sf/opencsv/opencsv/2.0/opencsv-2.0.jar:/Users/marranzr/.m2/repository/picocontainer/picocontainer/1.0/picocontainer-1.0.jar:/Users/marranzr/.m2/repository/jzlib/jzlib/1.0.5/jzlib-1.0.5.jar:/Users/marranzr/.m2/repository/jsch/jsch/0.1.23/jsch-0.1.23.jar:/Users/marranzr/.m2/repository/com/octo/captcha/jcaptcha/2.0-alpha-1/jcaptcha-2.0-alpha-1.jar:/Users/marranzr/.m2/repository/com/octo/captcha/jcaptcha-api/2.0-alpha-1/jcaptcha-api-2.0-alpha-1.jar:/Users/marranzr/.m2/repository/com/jhlabs/filters/2.0.235/filters-2.0.235.jar:/Users/marranzr/.m2/repository/javacvs/javacvs/2007-04-04-patched/javacvs-2007-04-04-patched.jar:/Users/marranzr/.m2/repository/statcvs/statcvs/20060222-patched/statcvs-20060222-patched.jar:/Users/marranzr/.m2/repository/commons-dbcp/commons-dbcp/1.1/commons-dbcp-1.1.jar:/Users/marranzr/.m2/repository/commons-pool/commons-pool/1.1/commons-pool-1.1.jar:/Users/marranzr/.m2/repository/hsqldb/hsqldb/1.8.0.5/hsqldb-1.8.0.5.jar:/Users/marranzr/.m2/repository/jndi/jndi/1.2.1/jndi-1.2.1.jar:/Users/marranzr/.m2/repository/ots-jts/ots-jts/1.0/ots-jts-1.0.jar:/Users/marranzr/.m2/repository/jotm/jotm/1.4.3/jotm-1.4.3.jar:/Users/marranzr/.m2/repository/jotm/jotm-jrmp_stubs/1.4.3/jotm-jrmp_stubs-1.4.3.jar:/Users/marranzr/.m2/repository/jotm/jotm-iiop_stubs/1.4.3/jotm-iiop_stubs-1.4.3.jar:/Users/marranzr/.m2/repository/jotm/jonas_timer/1.4.3/jonas_timer-1.4.3.jar:/Users/marranzr/.m2/repository/jotm/objectweb-datasource/1.4.3/objectweb-datasource-1.4.3.jar:/Users/marranzr/.m2/repository/carol/carol/1.5.2/carol-1.5.2.jar:/Users/marranzr/.m2/repository/carol/carol-properties/1.5.2/carol-properties-1.5.2.jar:/Users/marranzr/.m2/repository/xapool/xapool/1.3.1/xapool-1.3.1.jar:/Users/marranzr/.m2/repository/saxon/saxon-noaelfred/6.5.5/saxon-noaelfred-6.5.5.jar:/Users/marranzr/.m2/repository/commons-jelly/commons-jelly/1.0/commons-jelly-1.0.jar:/Users/marranzr/.m2/repository/commons-jelly/commons-jelly-tags-junit/1.0/commons-jelly-tags-junit-1.0.jar:/Users/marranzr/.m2/repository/commons-jelly/commons-jelly-tags-util/1.1.1/commons-jelly-tags-util-1.1.1.jar:/Users/marranzr/.m2/repository/commons-jelly/commons-jelly-tags-email/1.0/commons-jelly-tags-email-1.0.jar:/Users/marranzr/.m2/repository/commons-jelly/commons-jelly-tags-log/1.0/commons-jelly-tags-log-1.0.jar:/Users/marranzr/.m2/repository/commons-jelly/commons-jelly-tags-http/1.0/commons-jelly-tags-http-1.0.jar:/Users/marranzr/.m2/repository/commons-jelly/commons-jelly-tags-soap/1.0/commons-jelly-tags-soap-1.0.jar:/Users/marranzr/.m2/repository/commons-jelly/commons-jelly-tags-sql/1.0/commons-jelly-tags-sql-1.0.jar:/Users/marranzr/.m2/repository/commons-jelly/commons-jelly-tags-regexp/1.0/commons-jelly-tags-regexp-1.0.jar:/Users/marranzr/.m2/repository/commons-jexl/commons-jexl/1.1/commons-jexl-1.1.jar:/Users/marranzr/.m2/repository/xmlrpc/xmlrpc/2.0/xmlrpc-2.0.jar:/Users/marranzr/.m2/repository/axis/axis/1.3-atlassian-1/axis-1.3-atlassian-1.jar:/Users/marranzr/.m2/repository/axis/axis-jaxrpc/1.3/axis-jaxrpc-1.3.jar:/Users/marranzr/.m2/repository/axis/axis-saaj/1.3/axis-saaj-1.3.jar:/Users/marranzr/.m2/repository/commons-discovery/commons-discovery/0.2/commons-discovery-0.2.jar:/Users/marranzr/.m2/repository/xml-security/xmlsec/1.1.0/xmlsec-1.1.0.jar:/Users/marranzr/.m2/repository/datafile/datafile/1.3.3/datafile-1.3.3.jar:/Users/marranzr/.m2/repository/xpp3/xpp3/1.1.3.4-RC8/xpp3-1.1.3.4-RC8.jar:/Users/marranzr/.m2/repository/com/thoughtworks/xstream/xstream/1.3.1/xstream-1.3.1.jar:/Users/marranzr/.m2/repository/jfree/jfreechart/1.0.13/jfreechart-1.0.13.jar:/Users/marranzr/.m2/repository/jfree/jcommon/1.0.8/jcommon-1.0.8.jar:/Users/marranzr/.m2/repository/org/tuckey/urlrewrite/2.5.2/urlrewrite-2.5.2.jar:/Users/marranzr/.m2/repository/jtidy/jtidy/r8-20050104/jtidy-r8-20050104.jar:/Users/marranzr/.m2/repository/com/atlassian/modzdetector/modz-detector/0.12/modz-detector-0.12.jar:/Users/marranzr/.m2/repository/commons-jrcs/commons-jrcs/diff-0.1.7/commons-jrcs-diff-0.1.7.jar:/Users/marranzr/.m2/repository/com/atlassian/jira/jira-lang-ca_ES/4.4.1/jira-lang-ca_ES-4.4.1.jar:/Users/marranzr/.m2/repository/com/atlassian/jira/jira-lang-cs_CZ/4.4.1/jira-lang-cs_CZ-4.4.1.jar:/Users/marranzr/.m2/repository/com/atlassian/jira/jira-lang-da_DK/4.4.1/jira-lang-da_DK-4.4.1.jar:/Users/marranzr/.m2/repository/com/atlassian/jira/jira-lang-de_CH/4.4.1/jira-lang-de_CH-4.4.1.jar:/Users/marranzr/.m2/repository/com/atlassian/jira/jira-lang-de_DE/4.4.1/jira-lang-de_DE-4.4.1.jar:/Users/marranzr/.m2/repository/com/atlassian/jira/jira-lang-en_UK/4.4.1/jira-lang-en_UK-4.4.1.jar:/Users/marranzr/.m2/repository/com/atlassian/jira/jira-lang-en_US/4.4.1/jira-lang-en_US-4.4.1.jar:/Users/marranzr/.m2/repository/com/atlassian/jira/jira-lang-es_ES/4.4.1/jira-lang-es_ES-4.4.1.jar:/Users/marranzr/.m2/repository/com/atlassian/jira/jira-lang-fr_FR/4.4.1/jira-lang-fr_FR-4.4.1.jar:/Users/marranzr/.m2/repository/com/atlassian/jira/jira-lang-hu_HU/4.4.1/jira-lang-hu_HU-4.4.1.jar:/Users/marranzr/.m2/repository/com/atlassian/jira/jira-lang-it_IT/4.4.1/jira-lang-it_IT-4.4.1.jar:/Users/marranzr/.m2/repository/com/atlassian/jira/jira-lang-ja_JP/4.4.1/jira-lang-ja_JP-4.4.1.jar:/Users/marranzr/.m2/repository/com/atlassian/jira/jira-lang-nl_BE/4.4.1/jira-lang-nl_BE-4.4.1.jar:/Users/marranzr/.m2/repository/com/atlassian/jira/jira-lang-no_NO/4.4.1/jira-lang-no_NO-4.4.1.jar:/Users/marranzr/.m2/repository/com/atlassian/jira/jira-lang-pl_PL/4.4.1/jira-lang-pl_PL-4.4.1.jar:/Users/marranzr/.m2/repository/com/atlassian/jira/jira-lang-pt_BR/4.4.1/jira-lang-pt_BR-4.4.1.jar:/Users/marranzr/.m2/repository/com/atlassian/jira/jira-lang-ru_RU/4.4.1/jira-lang-ru_RU-4.4.1.jar:/Users/marranzr/.m2/repository/com/atlassian/jira/jira-lang-sk_SK/4.4.1/jira-lang-sk_SK-4.4.1.jar:/Users/marranzr/.m2/repository/com/atlassian/jira/jira-lang-tr_TR/4.4.1/jira-lang-tr_TR-4.4.1.jar:/Users/marranzr/.m2/repository/com/atlassian/jira/jira-lang-zh_CN/4.4.1/jira-lang-zh_CN-4.4.1.jar:/Users/marranzr/.m2/repository/com/atlassian/jira/jira-lang-zh_TW/4.4.1/jira-lang-zh_TW-4.4.1.jar:/Users/marranzr/.m2/repository/com/atlassian/applinks/applinks-api/3.5.6/applinks-api-3.5.6.jar:/Users/marranzr/.m2/repository/com/atlassian/applinks/applinks-spi/3.5.6/applinks-spi-3.5.6.jar:/Users/marranzr/.m2/repository/com/atlassian/applinks/applinks-host/3.5.6/applinks-host-3.5.6.jar:/Users/marranzr/.m2/repository/rhino/js/1.7R2/js-1.7R2.jar:/Users/marranzr/.m2/repository/com/atlassian/jira/jira-func-tests/4.4.1/jira-func-tests-4.4.1.jar:/Users/marranzr/.m2/repository/exml/exml/7.1/exml-7.1.jar:/Users/marranzr/.m2/repository/net/sourceforge/jwebunit/jwebunit/1.2-atlassian-3/jwebunit-1.2-atlassian-3.jar:/Users/marranzr/.m2/repository/com/meteware/httpunit/httpunit/1.5.4-atlassian-13/httpunit-1.5.4-atlassian-13.jar:/Users/marranzr/.m2/repository/nekohtml/nekohtml/0.8.1/nekohtml-0.8.1.jar:/Users/marranzr/.m2/repository/com/google/guava/guava/r08/guava-r08.jar:/Users/marranzr/.m2/repository/com/icegreen/greenmail/1.3/greenmail-1.3.jar:/Users/marranzr/.m2/repository/xmlunit/xmlunit/1.0/xmlunit-1.0.jar:/Users/marranzr/.m2/repository/ant/ant/1.5.4/ant-1.5.4.jar:/Users/marranzr/.m2/repository/org/mortbay/jetty/jetty/6.0.2/jetty-6.0.2.jar:/Users/marranzr/.m2/repository/org/mortbay/jetty/jetty-util/6.0.2/jetty-util-6.0.2.jar:/Users/marranzr/.m2/repository/org/mortbay/jetty/servlet-api-2.5/6.0.2/servlet-api-2.5-6.0.2.jar:/Users/marranzr/.m2/repository/com/atlassian/cargo-test-runner/cargo-test-runner/2.4/cargo-test-runner-2.4.jar:/Users/marranzr/.m2/repository/org/codehaus/cargo/cargo-core-uberjar/1.0-atlassianpatch-CARGO-553-2/cargo-core-uberjar-1.0-atlassianpatch-CARGO-553-2.jar:/Users/marranzr/.m2/repository/org/easymock/easymock/2.5.2/easymock-2.5.2.jar:/Users/marranzr/.m2/repository/org/easymock/easymockclassextension/2.5.2/easymockclassextension-2.5.2.jar:/Users/marranzr/.m2/repository/org/objenesis/objenesis/1.2/objenesis-1.2.jar:/Users/marranzr/.m2/repository/org/jsoup/jsoup/1.3.3/jsoup-1.3.3.jar:/Users/marranzr/.m2/repository/com/sun/jersey/jersey-core/1.5/jersey-core-1.5.jar:/Users/marranzr/.m2/repository/com/sun/jersey/jersey-json/1.5/jersey-json-1.5.jar:/Users/marranzr/.m2/repository/org/codehaus/jettison/jettison/1.1/jettison-1.1.jar:/Users/marranzr/.m2/repository/com/sun/xml/bind/jaxb-impl/2.2.3/jaxb-impl-2.2.3.jar:/Users/marranzr/.m2/repository/javax/xml/bind/jaxb-api/2.2.2/jaxb-api-2.2.2.jar:/Users/marranzr/.m2/repository/javax/xml/stream/stax-api/1.0-2/stax-api-1.0-2.jar:/Users/marranzr/.m2/repository/org/codehaus/jackson/jackson-core-asl/1.6.1/jackson-core-asl-1.6.1.jar:/Users/marranzr/.m2/repository/org/codehaus/jackson/jackson-mapper-asl/1.6.1/jackson-mapper-asl-1.6.1.jar:/Users/marranzr/.m2/repository/org/codehaus/jackson/jackson-jaxrs/1.6.1/jackson-jaxrs-1.6.1.jar:/Users/marranzr/.m2/repository/org/codehaus/jackson/jackson-xc/1.5.5/jackson-xc-1.5.5.jar:/Users/marranzr/.m2/repository/com/sun/jersey/jersey-client/1.5/jersey-client-1.5.jar:/Users/marranzr/.m2/repository/com/sun/jersey/contribs/jersey-apache-client/1.5/jersey-apache-client-1.5.jar:/Users/marranzr/.m2/repository/com/atlassian/crowd/crowd-acceptance-test/2.2.8/crowd-acceptance-test-2.2.8.jar:/Users/marranzr/.m2/repository/com/atlassian/plugins/rest/atlassian-rest-common/2.4.0/atlassian-rest-common-2.4.0.jar:/Users/marranzr/.m2/repository/org/hibernate/hibernate-validator/4.0.2.GA/hibernate-validator-4.0.2.GA.jar:/Users/marranzr/.m2/repository/javax/validation/validation-api/1.0.0.GA/validation-api-1.0.0.GA.jar:/Users/marranzr/.m2/repository/net/sourceforge/jwebunit/jwebunit-core/2.2/jwebunit-core-2.2.jar:/Users/marranzr/.m2/repository/regexp/regexp/1.3/regexp-1.3.jar:/Users/marranzr/.m2/repository/net/sourceforge/jwebunit/jwebunit-htmlunit-plugin/2.2/jwebunit-htmlunit-plugin-2.2.jar:/Users/marranzr/.m2/repository/net/sourceforge/htmlunit/htmlunit/2.5/htmlunit-2.5.jar:/Users/marranzr/.m2/repository/net/sourceforge/htmlunit/htmlunit-core-js/2.5/htmlunit-core-js-2.5.jar:/Users/marranzr/.m2/repository/net/sourceforge/nekohtml/nekohtml/1.9.12/nekohtml-1.9.12.jar:/Users/marranzr/.m2/repository/net/sourceforge/cssparser/cssparser/0.9.5/cssparser-0.9.5.jar:/Users/marranzr/.m2/repository/org/w3c/css/sac/1.3/sac-1.3.jar:/Users/marranzr/.m2/repository/jmock/jmock/1.1.0/jmock-1.1.0.jar:/Users/marranzr/.m2/repository/org/springframework/spring-test/2.5.6.SEC02/spring-test-2.5.6.SEC02.jar:/Users/marranzr/.m2/repository/org/dbunit/dbunit/2.2/dbunit-2.2.jar:/Users/marranzr/.m2/repository/junit-addons/junit-addons/1.4/junit-addons-1.4.jar:/Users/marranzr/.m2/repository/xerces/xmlParserAPIs/2.6.2/xmlParserAPIs-2.6.2.jar:/Users/marranzr/.m2/repository/poi/poi/2.5.1-final-20040804/poi-2.5.1-final-20040804.jar:/Users/marranzr/.m2/repository/org/mockito/mockito-all/1.8.2/mockito-all-1.8.2.jar:/Users/marranzr/.m2/repository/org/springframework/spring-jdbc/2.5.6.SEC02/spring-jdbc-2.5.6.SEC02.jar:/Users/marranzr/.m2/repository/com/atlassian/crowd/crowd-rest-test/2.2.8/crowd-rest-test-2.2.8.jar:/Users/marranzr/.m2/repository/com/atlassian/crowd/crowd-rest-test-api/2.2.8/crowd-rest-test-api-2.2.8.jar:/Users/marranzr/.m2/repository/com/atlassian/crowd/crowd-rest-plugin/2.2.8/crowd-rest-plugin-2.2.8.jar:/Users/marranzr/.m2/repository/com/atlassian/crowd/crowd-rest-common/2.2.8/crowd-rest-common-2.2.8.jar:/Users/marranzr/.m2/repository/com/atlassian/crowd/crowd-rest-application-management/2.2.8/crowd-rest-application-management-2.2.8.jar:"/>
    <property name="java.specification.name" value="Java Platform API Specification"/>
    <property name="java.class.version" value="50.0"/>
    <property name="sun.management.compiler" value="HotSpot 64-Bit Tiered Compilers"/>
    <property name="os.version" value="10.6.8"/>
    <property name="http.nonProxyHosts" value="local|*.local|169.254/16|*.169.254/16"/>
    <property name="user.home" value="/Users/marranzr"/>
    <property name="user.timezone" value=""/>
    <property name="java.awt.printerjob" value="apple.awt.CPrinterJob"/>
    <property name="java.specification.version" value="1.6"/>
    <property name="file.encoding" value="MacRoman"/>
    <property name="user.name" value="marranzr"/>
    <property name="java.class.path" value="/Users/marranzr/TocandoTecla/workspace/currency/target/test-classes:/Users/marranzr/TocandoTecla/workspace/currency/target/classes:/Users/marranzr/.m2/repository/com/atlassian/jira/atlassian-jira/4.4.1/atlassian-jira-4.4.1.jar:/Users/marranzr/.m2/repository/com/atlassian/ofbiz/entityengine-share/1.0.11/entityengine-share-1.0.11.jar:/Users/marranzr/.m2/repository/log4j/log4j/1.2.15/log4j-1.2.15.jar:/Users/marranzr/.m2/repository/javax/mail/mail/1.4.1/mail-1.4.1.jar:/Users/marranzr/.m2/repository/javax/activation/activation/1.1.1/activation-1.1.1.jar:/Users/marranzr/.m2/repository/xerces/xercesImpl/2.9.1/xercesImpl-2.9.1.jar:/Users/marranzr/.m2/repository/com/atlassian/ofbiz/entityengine/1.0.11/entityengine-1.0.11.jar:/Users/marranzr/.m2/repository/jta/jta/1.0.1/jta-1.0.1.jar:/Users/marranzr/.m2/repository/commons-collections/commons-collections/3.2.1/commons-collections-3.2.1.jar:/Users/marranzr/.m2/repository/com/atlassian/util/concurrent/atlassian-util-concurrent/2.2.0/atlassian-util-concurrent-2.2.0.jar:/Users/marranzr/.m2/repository/opensymphony/webwork/1.4-atlassian-17/webwork-1.4-atlassian-17.jar:/Users/marranzr/.m2/repository/webwork/pell-multipart-request/1.31.0/pell-multipart-request-1.31.0.jar:/Users/marranzr/.m2/repository/org/apache/lucene/lucene-core/2.9.4/lucene-core-2.9.4.jar:/Users/marranzr/.m2/repository/com/atlassian/core/atlassian-core/4.6.0/atlassian-core-4.6.0.jar:/Users/marranzr/.m2/repository/commons-lang/commons-lang/2.5/commons-lang-2.5.jar:/Users/marranzr/.m2/repository/opensymphony/propertyset/1.5/propertyset-1.5.jar:/Users/marranzr/.m2/repository/dom4j/dom4j/1.4/dom4j-1.4.jar:/Users/marranzr/.m2/repository/xml-apis/xml-apis/1.3.04/xml-apis-1.3.04.jar:/Users/marranzr/.m2/repository/jaxen/jaxen/1.1.1/jaxen-1.1.1.jar:/Users/marranzr/.m2/repository/mockobjects/alt-jdk1.3/0.07/alt-jdk1.3-0.07.jar:/Users/marranzr/.m2/repository/com/atlassian/extras/atlassian-extras/2.2.2/atlassian-extras-2.2.2.jar:/Users/marranzr/.m2/repository/commons-codec/commons-codec/1.4/commons-codec-1.4.jar:/Users/marranzr/.m2/repository/com/atlassian/velocity/atlassian-velocity/0.8/atlassian-velocity-0.8.jar:/Users/marranzr/.m2/repository/opensymphony/oscore/2.2.7-atlassian-1/oscore-2.2.7-atlassian-1.jar:/Users/marranzr/.m2/repository/velocity/velocity/1.4-atlassian-9/velocity-1.4-atlassian-9.jar:/Users/marranzr/.m2/repository/opensymphony/osworkflow/2.8.0/osworkflow-2.8.0.jar:/Users/marranzr/.m2/repository/com/atlassian/crowd/embedded-crowd-api/2.2.8/embedded-crowd-api-2.2.8.jar:/Users/marranzr/.m2/repository/com/google/collections/google-collections/1.0/google-collections-1.0.jar:/Users/marranzr/.m2/repository/com/atlassian/crowd/embedded-crowd-core/2.2.8/embedded-crowd-core-2.2.8.jar:/Users/marranzr/.m2/repository/com/atlassian/crowd/embedded-crowd-spi/2.2.8/embedded-crowd-spi-2.2.8.jar:/Users/marranzr/.m2/repository/com/atlassian/crowd/crowd-api/2.2.8/crowd-api-2.2.8.jar:/Users/marranzr/.m2/repository/com/atlassian/crowd/crowd-integration-api/2.2.8/crowd-integration-api-2.2.8.jar:/Users/marranzr/.m2/repository/com/atlassian/spring/atlassian-spring/1.0/atlassian-spring-1.0.jar:/Users/marranzr/.m2/repository/com/atlassian/event/atlassian-event/2.1.1/atlassian-event-2.1.1.jar:/Users/marranzr/.m2/repository/org/springframework/spring-core/2.5.6/spring-core-2.5.6.jar:/Users/marranzr/.m2/repository/commons-logging/commons-logging/1.1.1/commons-logging-1.1.1.jar:/Users/marranzr/.m2/repository/org/springframework/spring-context/2.5.6.SEC02/spring-context-2.5.6.SEC02.jar:/Users/marranzr/.m2/repository/aopalliance/aopalliance/1.0/aopalliance-1.0.jar:/Users/marranzr/.m2/repository/org/springframework/spring-beans/2.5.6/spring-beans-2.5.6.jar:/Users/marranzr/.m2/repository/com/atlassian/profiling/atlassian-profiling/1.8.2/atlassian-profiling-1.8.2.jar:/Users/marranzr/.m2/repository/org/slf4j/slf4j-api/1.5.8/slf4j-api-1.5.8.jar:/Users/marranzr/.m2/repository/junit/junit/4.6/junit-4.6.jar:/Users/marranzr/.m2/repository/org/springframework/spring-web/2.0.6/spring-web-2.0.6.jar:/Users/marranzr/.m2/repository/com/atlassian/crowd/crowd-core/2.2.8/crowd-core-2.2.8.jar:/Users/marranzr/.m2/repository/com/atlassian/crowd/crowd-ldap/2.2.8/crowd-ldap-2.2.8.jar:/Users/marranzr/.m2/repository/com/atlassian/crowd/crowd-password-encoders/2.2.8/crowd-password-encoders-2.2.8.jar:/Users/marranzr/.m2/repository/com/atlassian/security/atlassian-password-encoder/2.2/atlassian-password-encoder-2.2.jar:/Users/marranzr/.m2/repository/org/springframework/security/spring-security-core/2.0.4/spring-security-core-2.0.4.jar:/Users/marranzr/.m2/repository/org/springframework/spring-aop/2.0.8/spring-aop-2.0.8.jar:/Users/marranzr/.m2/repository/org/springframework/spring-tx/2.5.6/spring-tx-2.5.6.jar:/Users/marranzr/.m2/repository/com/atlassian/plugins/atlassian-plugins-core/2.8.0/atlassian-plugins-core-2.8.0.jar:/Users/marranzr/.m2/repository/commons-io/commons-io/1.4/commons-io-1.4.jar:/Users/marranzr/.m2/repository/com/atlassian/multitenant/multitenant-core/1.0.3/multitenant-core-1.0.3.jar:/Users/marranzr/.m2/repository/javax/servlet/servlet-api/2.3/servlet-api-2.3.jar:/Users/marranzr/.m2/repository/net/jcip/jcip-annotations/1.0/jcip-annotations-1.0.jar:/Users/marranzr/.m2/repository/cglib/cglib-nodep/2.1_3/cglib-nodep-2.1_3.jar:/Users/marranzr/.m2/repository/com/atlassian/crowd/crowd-events/2.2.8/crowd-events-2.2.8.jar:/Users/marranzr/.m2/repository/com/atlassian/crowd/crowd-persistence/2.2.8/crowd-persistence-2.2.8.jar:/Users/marranzr/.m2/repository/com/atlassian/config/atlassian-config/0.15/atlassian-config-0.15.jar:/Users/marranzr/.m2/repository/net/sf/ehcache/ehcache/1.2.3/ehcache-1.2.3.jar:/Users/marranzr/.m2/repository/javax/transaction/jta/1.0.1B/jta-1.0.1B.jar:/Users/marranzr/.m2/repository/antlr/antlr/2.7.2/antlr-2.7.2.jar:/Users/marranzr/.m2/repository/org/springframework/spring-orm/2.5.6.SEC02/spring-orm-2.5.6.SEC02.jar:/Users/marranzr/.m2/repository/org/slf4j/slf4j-log4j12/1.5.8/slf4j-log4j12-1.5.8.jar:/Users/marranzr/.m2/repository/joda-time/joda-time/1.6/joda-time-1.6.jar:/Users/marranzr/.m2/repository/com/atlassian/crowd/crowd-remote/2.2.8/crowd-remote-2.2.8.jar:/Users/marranzr/.m2/repository/com/atlassian/crowd/crowd-integration-client-rest/2.2.8/crowd-integration-client-rest-2.2.8.jar:/Users/marranzr/.m2/repository/com/atlassian/crowd/crowd-integration-client-common/2.2.8/crowd-integration-client-common-2.2.8.jar:/Users/marranzr/.m2/repository/com/atlassian/security/atlassian-cookie-tools/2.2/atlassian-cookie-tools-2.2.jar:/Users/marranzr/.m2/repository/commons-httpclient/commons-httpclient/3.0.1/commons-httpclient-3.0.1.jar:/Users/marranzr/.m2/repository/org/springframework/ldap/spring-ldap-core/1.3.0.RELEASE/spring-ldap-core-1.3.0.RELEASE.jar:/Users/marranzr/.m2/repository/org/springframework/spring-context-support/2.5.6.SEC02/spring-context-support-2.5.6.SEC02.jar:/Users/marranzr/.m2/repository/quartz/quartz/1.5.1/quartz-1.5.1.jar:/Users/marranzr/.m2/repository/com/atlassian/security/atlassian-secure-random/2.2/atlassian-secure-random-2.2.jar:/Users/marranzr/.m2/repository/com/atlassian/johnson/atlassian-johnson/1.1/atlassian-johnson-1.1.jar:/Users/marranzr/.m2/repository/com/atlassian/mail/atlassian-mail/1.24/atlassian-mail-1.24.jar:/Users/marranzr/.m2/repository/mockobjects/mockobjects-alt-jdk1.3-j2ee1.3/0.09/mockobjects-alt-jdk1.3-j2ee1.3-0.09.jar:/Users/marranzr/.m2/repository/commons-beanutils/commons-beanutils/1.6.1/commons-beanutils-1.6.1.jar:/Users/marranzr/.m2/repository/commons-digester/commons-digester/1.4.1/commons-digester-1.4.1.jar:/Users/marranzr/.m2/repository/com/atlassian/trackback/atlassian-trackback/0.11/atlassian-trackback-0.11.jar:/Users/marranzr/.m2/repository/oro/oro/2.0.7/oro-2.0.7.jar:/Users/marranzr/.m2/repository/atlassian-bandana/atlassian-bandana/0.1.13/atlassian-bandana-0.1.13.jar:/Users/marranzr/.m2/repository/com/atlassian/multitenant/multitenant-utils/1.0.3/multitenant-utils-1.0.3.jar:/Users/marranzr/.m2/repository/com/atlassian/crowd/atlassian-embedded-crowd-ofbiz/1.2.9/atlassian-embedded-crowd-ofbiz-1.2.9.jar:/Users/marranzr/.m2/repository/com/atlassian/crowd/crowd-server-common/2.2.8/crowd-server-common-2.2.8.jar:/Users/marranzr/.m2/repository/org/antlr/antlr-runtime/3.1.3/antlr-runtime-3.1.3.jar:/Users/marranzr/.m2/repository/com/atlassian/crowd/crowd-integration-client/2.2.8/crowd-integration-client-2.2.8.jar:/Users/marranzr/.m2/repository/org/codehaus/xfire/xfire-core/1.2.6/xfire-core-1.2.6.jar:/Users/marranzr/.m2/repository/wsdl4j/wsdl4j/1.6.1/wsdl4j-1.6.1.jar:/Users/marranzr/.m2/repository/jdom/jdom/1.0/jdom-1.0.jar:/Users/marranzr/.m2/repository/stax/stax-api/1.0.1/stax-api-1.0.1.jar:/Users/marranzr/.m2/repository/org/codehaus/woodstox/wstx-asl/3.2.4/wstx-asl-3.2.4.jar:/Users/marranzr/.m2/repository/org/codehaus/xfire/xfire-aegis/1.2.6/xfire-aegis-1.2.6.jar:/Users/marranzr/.m2/repository/com/atlassian/sal/sal-spi/2.6.1/sal-spi-2.6.1.jar:/Users/marranzr/.m2/repository/com/atlassian/sal/sal-core/2.6.1/sal-core-2.6.1.jar:/Users/marranzr/.m2/repository/com/atlassian/sal/sal-api/2.6.1/sal-api-2.6.1.jar:/Users/marranzr/.m2/repository/com/atlassian/seraph/atlassian-seraph/2.5.1/atlassian-seraph-2.5.1.jar:/Users/marranzr/.m2/repository/bouncycastle/bcprov-jdk14/138/bcprov-jdk14-138.jar:/Users/marranzr/.m2/repository/com/atlassian/gadgets/atlassian-gadgets-api/3.1.9/atlassian-gadgets-api-3.1.9.jar:/Users/marranzr/.m2/repository/com/atlassian/gadgets/atlassian-gadgets-spi/3.1.9/atlassian-gadgets-spi-3.1.9.jar:/Users/marranzr/.m2/repository/com/atlassian/oauth/atlassian-oauth-api/1.2.2/atlassian-oauth-api-1.2.2.jar:/Users/marranzr/.m2/repository/com/atlassian/p4package/atlassian-p4package/2007.12.14/atlassian-p4package-2007.12.14.jar:/Users/marranzr/.m2/repository/com/atlassian/cache/atlassian-cache-api/1.0/atlassian-cache-api-1.0.jar:/Users/marranzr/.m2/repository/com/atlassian/cache/atlassian-cache-memory/1.0/atlassian-cache-memory-1.0.jar:/Users/marranzr/.m2/repository/com/sun/jai_core/1.1.3/jai_core-1.1.3.jar:/Users/marranzr/.m2/repository/com/sun/jai_codec/1.1.3/jai_codec-1.1.3.jar:/Users/marranzr/.m2/repository/com/atlassian/activeobjects/activeobjects-spi/0.15.8/activeobjects-spi-0.15.8.jar:/Users/marranzr/.m2/repository/org/slf4j/jul-to-slf4j/1.5.8/jul-to-slf4j-1.5.8.jar:/Users/marranzr/.m2/repository/org/slf4j/jcl-over-slf4j/1.5.8/jcl-over-slf4j-1.5.8.jar:/Users/marranzr/.m2/repository/com/atlassian/jdk/utilities/atlassian-jdk-utilities/0.4/atlassian-jdk-utilities-0.4.jar:/Users/marranzr/.m2/repository/com/atlassian/scheduler/atlassian-scheduler/0.14/atlassian-scheduler-0.14.jar:/Users/marranzr/.m2/repository/com/atlassian/plugins/atlassian-plugins-servlet/2.8.0/atlassian-plugins-servlet-2.8.0.jar:/Users/marranzr/.m2/repository/com/atlassian/plugins/atlassian-plugins-webfragment/2.8.0/atlassian-plugins-webfragment-2.8.0.jar:/Users/marranzr/.m2/repository/com/atlassian/plugins/atlassian-plugins-webresource/2.8.0/atlassian-plugins-webresource-2.8.0.jar:/Users/marranzr/.m2/repository/com/atlassian/plugins/atlassian-plugins-osgi/2.8.0/atlassian-plugins-osgi-2.8.0.jar:/Users/marranzr/.m2/repository/com/atlassian/plugins/atlassian-plugins-osgi-events/2.8.0/atlassian-plugins-osgi-events-2.8.0.jar:/Users/marranzr/.m2/repository/biz/aQute/bndlib/0.0.255/bndlib-0.0.255.jar:/Users/marranzr/.m2/repository/org/apache/felix/org.apache.felix.framework/3.0.2/org.apache.felix.framework-3.0.2.jar:/Users/marranzr/.m2/repository/org/twdata/pkgscanner/package-scanner/0.9.5/package-scanner-0.9.5.jar:/Users/marranzr/.m2/repository/com/atlassian/security/auth/trustedapps/atlassian-trusted-apps-core/2.5.1/atlassian-trusted-apps-core-2.5.1.jar:/Users/marranzr/.m2/repository/com/atlassian/ip/atlassian-ip/2.0/atlassian-ip-2.0.jar:/Users/marranzr/.m2/repository/com/atlassian/security/auth/trustedapps/atlassian-trusted-apps-seraph-integration/2.5.1/atlassian-trusted-apps-seraph-integration-2.5.1.jar:/Users/marranzr/.m2/repository/bouncycastle/bcprov-jdk15/140/bcprov-jdk15-140.jar:/Users/marranzr/.m2/repository/com/atlassian/renderer/atlassian-renderer/3.14.3/atlassian-renderer-3.14.3.jar:/Users/marranzr/.m2/repository/radeox/radeox/1.0b2-forked-22Apr2004/radeox-1.0b2-forked-22Apr2004.jar:/Users/marranzr/.m2/repository/com/atlassian/gzipfilter/atlassian-gzipfilter/1.9/atlassian-gzipfilter-1.9.jar:/Users/marranzr/.m2/repository/opensymphony/sitemesh/2.4.2-atlassian-2/sitemesh-2.4.2-atlassian-2.jar:/Users/marranzr/.m2/repository/commons-configuration/commons-configuration/1.0/commons-configuration-1.0.jar:/Users/marranzr/.m2/repository/org/apache/lucene/lucene-analyzers/2.9.4/lucene-analyzers-2.9.4.jar:/Users/marranzr/.m2/repository/org/apache/velocity/velocity-tools/1.3/velocity-tools-1.3.jar:/Users/marranzr/.m2/repository/commons-validator/commons-validator/1.3.1/commons-validator-1.3.1.jar:/Users/marranzr/.m2/repository/sslext/sslext/1.2-0/sslext-1.2-0.jar:/Users/marranzr/.m2/repository/struts/struts/1.2.9/struts-1.2.9.jar:/Users/marranzr/.m2/repository/commons-fileupload/commons-fileupload/1.0/commons-fileupload-1.0.jar:/Users/marranzr/.m2/repository/xalan/xalan/2.7.0/xalan-2.7.0.jar:/Users/marranzr/.m2/repository/glue/glue/5.0b2/glue-5.0b2.jar:/Users/marranzr/.m2/repository/bsf/bsf/2.2/bsf-2.2.jar:/Users/marranzr/.m2/repository/bsh/bsh/1.2b7/bsh-1.2b7.jar:/Users/marranzr/.m2/repository/net/sf/opencsv/opencsv/2.0/opencsv-2.0.jar:/Users/marranzr/.m2/repository/picocontainer/picocontainer/1.0/picocontainer-1.0.jar:/Users/marranzr/.m2/repository/jzlib/jzlib/1.0.5/jzlib-1.0.5.jar:/Users/marranzr/.m2/repository/jsch/jsch/0.1.23/jsch-0.1.23.jar:/Users/marranzr/.m2/repository/com/octo/captcha/jcaptcha/2.0-alpha-1/jcaptcha-2.0-alpha-1.jar:/Users/marranzr/.m2/repository/com/octo/captcha/jcaptcha-api/2.0-alpha-1/jcaptcha-api-2.0-alpha-1.jar:/Users/marranzr/.m2/repository/com/jhlabs/filters/2.0.235/filters-2.0.235.jar:/Users/marranzr/.m2/repository/javacvs/javacvs/2007-04-04-patched/javacvs-2007-04-04-patched.jar:/Users/marranzr/.m2/repository/statcvs/statcvs/20060222-patched/statcvs-20060222-patched.jar:/Users/marranzr/.m2/repository/commons-dbcp/commons-dbcp/1.1/commons-dbcp-1.1.jar:/Users/marranzr/.m2/repository/commons-pool/commons-pool/1.1/commons-pool-1.1.jar:/Users/marranzr/.m2/repository/hsqldb/hsqldb/1.8.0.5/hsqldb-1.8.0.5.jar:/Users/marranzr/.m2/repository/jndi/jndi/1.2.1/jndi-1.2.1.jar:/Users/marranzr/.m2/repository/ots-jts/ots-jts/1.0/ots-jts-1.0.jar:/Users/marranzr/.m2/repository/jotm/jotm/1.4.3/jotm-1.4.3.jar:/Users/marranzr/.m2/repository/jotm/jotm-jrmp_stubs/1.4.3/jotm-jrmp_stubs-1.4.3.jar:/Users/marranzr/.m2/repository/jotm/jotm-iiop_stubs/1.4.3/jotm-iiop_stubs-1.4.3.jar:/Users/marranzr/.m2/repository/jotm/jonas_timer/1.4.3/jonas_timer-1.4.3.jar:/Users/marranzr/.m2/repository/jotm/objectweb-datasource/1.4.3/objectweb-datasource-1.4.3.jar:/Users/marranzr/.m2/repository/carol/carol/1.5.2/carol-1.5.2.jar:/Users/marranzr/.m2/repository/carol/carol-properties/1.5.2/carol-properties-1.5.2.jar:/Users/marranzr/.m2/repository/xapool/xapool/1.3.1/xapool-1.3.1.jar:/Users/marranzr/.m2/repository/saxon/saxon-noaelfred/6.5.5/saxon-noaelfred-6.5.5.jar:/Users/marranzr/.m2/repository/commons-jelly/commons-jelly/1.0/commons-jelly-1.0.jar:/Users/marranzr/.m2/repository/commons-jelly/commons-jelly-tags-junit/1.0/commons-jelly-tags-junit-1.0.jar:/Users/marranzr/.m2/repository/commons-jelly/commons-jelly-tags-util/1.1.1/commons-jelly-tags-util-1.1.1.jar:/Users/marranzr/.m2/repository/commons-jelly/commons-jelly-tags-email/1.0/commons-jelly-tags-email-1.0.jar:/Users/marranzr/.m2/repository/commons-jelly/commons-jelly-tags-log/1.0/commons-jelly-tags-log-1.0.jar:/Users/marranzr/.m2/repository/commons-jelly/commons-jelly-tags-http/1.0/commons-jelly-tags-http-1.0.jar:/Users/marranzr/.m2/repository/commons-jelly/commons-jelly-tags-soap/1.0/commons-jelly-tags-soap-1.0.jar:/Users/marranzr/.m2/repository/commons-jelly/commons-jelly-tags-sql/1.0/commons-jelly-tags-sql-1.0.jar:/Users/marranzr/.m2/repository/commons-jelly/commons-jelly-tags-regexp/1.0/commons-jelly-tags-regexp-1.0.jar:/Users/marranzr/.m2/repository/commons-jexl/commons-jexl/1.1/commons-jexl-1.1.jar:/Users/marranzr/.m2/repository/xmlrpc/xmlrpc/2.0/xmlrpc-2.0.jar:/Users/marranzr/.m2/repository/axis/axis/1.3-atlassian-1/axis-1.3-atlassian-1.jar:/Users/marranzr/.m2/repository/axis/axis-jaxrpc/1.3/axis-jaxrpc-1.3.jar:/Users/marranzr/.m2/repository/axis/axis-saaj/1.3/axis-saaj-1.3.jar:/Users/marranzr/.m2/repository/commons-discovery/commons-discovery/0.2/commons-discovery-0.2.jar:/Users/marranzr/.m2/repository/xml-security/xmlsec/1.1.0/xmlsec-1.1.0.jar:/Users/marranzr/.m2/repository/datafile/datafile/1.3.3/datafile-1.3.3.jar:/Users/marranzr/.m2/repository/xpp3/xpp3/1.1.3.4-RC8/xpp3-1.1.3.4-RC8.jar:/Users/marranzr/.m2/repository/com/thoughtworks/xstream/xstream/1.3.1/xstream-1.3.1.jar:/Users/marranzr/.m2/repository/jfree/jfreechart/1.0.13/jfreechart-1.0.13.jar:/Users/marranzr/.m2/repository/jfree/jcommon/1.0.8/jcommon-1.0.8.jar:/Users/marranzr/.m2/repository/org/tuckey/urlrewrite/2.5.2/urlrewrite-2.5.2.jar:/Users/marranzr/.m2/repository/jtidy/jtidy/r8-20050104/jtidy-r8-20050104.jar:/Users/marranzr/.m2/repository/com/atlassian/modzdetector/modz-detector/0.12/modz-detector-0.12.jar:/Users/marranzr/.m2/repository/commons-jrcs/commons-jrcs/diff-0.1.7/commons-jrcs-diff-0.1.7.jar:/Users/marranzr/.m2/repository/com/atlassian/jira/jira-lang-ca_ES/4.4.1/jira-lang-ca_ES-4.4.1.jar:/Users/marranzr/.m2/repository/com/atlassian/jira/jira-lang-cs_CZ/4.4.1/jira-lang-cs_CZ-4.4.1.jar:/Users/marranzr/.m2/repository/com/atlassian/jira/jira-lang-da_DK/4.4.1/jira-lang-da_DK-4.4.1.jar:/Users/marranzr/.m2/repository/com/atlassian/jira/jira-lang-de_CH/4.4.1/jira-lang-de_CH-4.4.1.jar:/Users/marranzr/.m2/repository/com/atlassian/jira/jira-lang-de_DE/4.4.1/jira-lang-de_DE-4.4.1.jar:/Users/marranzr/.m2/repository/com/atlassian/jira/jira-lang-en_UK/4.4.1/jira-lang-en_UK-4.4.1.jar:/Users/marranzr/.m2/repository/com/atlassian/jira/jira-lang-en_US/4.4.1/jira-lang-en_US-4.4.1.jar:/Users/marranzr/.m2/repository/com/atlassian/jira/jira-lang-es_ES/4.4.1/jira-lang-es_ES-4.4.1.jar:/Users/marranzr/.m2/repository/com/atlassian/jira/jira-lang-fr_FR/4.4.1/jira-lang-fr_FR-4.4.1.jar:/Users/marranzr/.m2/repository/com/atlassian/jira/jira-lang-hu_HU/4.4.1/jira-lang-hu_HU-4.4.1.jar:/Users/marranzr/.m2/repository/com/atlassian/jira/jira-lang-it_IT/4.4.1/jira-lang-it_IT-4.4.1.jar:/Users/marranzr/.m2/repository/com/atlassian/jira/jira-lang-ja_JP/4.4.1/jira-lang-ja_JP-4.4.1.jar:/Users/marranzr/.m2/repository/com/atlassian/jira/jira-lang-nl_BE/4.4.1/jira-lang-nl_BE-4.4.1.jar:/Users/marranzr/.m2/repository/com/atlassian/jira/jira-lang-no_NO/4.4.1/jira-lang-no_NO-4.4.1.jar:/Users/marranzr/.m2/repository/com/atlassian/jira/jira-lang-pl_PL/4.4.1/jira-lang-pl_PL-4.4.1.jar:/Users/marranzr/.m2/repository/com/atlassian/jira/jira-lang-pt_BR/4.4.1/jira-lang-pt_BR-4.4.1.jar:/Users/marranzr/.m2/repository/com/atlassian/jira/jira-lang-ru_RU/4.4.1/jira-lang-ru_RU-4.4.1.jar:/Users/marranzr/.m2/repository/com/atlassian/jira/jira-lang-sk_SK/4.4.1/jira-lang-sk_SK-4.4.1.jar:/Users/marranzr/.m2/repository/com/atlassian/jira/jira-lang-tr_TR/4.4.1/jira-lang-tr_TR-4.4.1.jar:/Users/marranzr/.m2/repository/com/atlassian/jira/jira-lang-zh_CN/4.4.1/jira-lang-zh_CN-4.4.1.jar:/Users/marranzr/.m2/repository/com/atlassian/jira/jira-lang-zh_TW/4.4.1/jira-lang-zh_TW-4.4.1.jar:/Users/marranzr/.m2/repository/com/atlassian/applinks/applinks-api/3.5.6/applinks-api-3.5.6.jar:/Users/marranzr/.m2/repository/com/atlassian/applinks/applinks-spi/3.5.6/applinks-spi-3.5.6.jar:/Users/marranzr/.m2/repository/com/atlassian/applinks/applinks-host/3.5.6/applinks-host-3.5.6.jar:/Users/marranzr/.m2/repository/rhino/js/1.7R2/js-1.7R2.jar:/Users/marranzr/.m2/repository/com/atlassian/jira/jira-func-tests/4.4.1/jira-func-tests-4.4.1.jar:/Users/marranzr/.m2/repository/exml/exml/7.1/exml-7.1.jar:/Users/marranzr/.m2/repository/net/sourceforge/jwebunit/jwebunit/1.2-atlassian-3/jwebunit-1.2-atlassian-3.jar:/Users/marranzr/.m2/repository/com/meteware/httpunit/httpunit/1.5.4-atlassian-13/httpunit-1.5.4-atlassian-13.jar:/Users/marranzr/.m2/repository/nekohtml/nekohtml/0.8.1/nekohtml-0.8.1.jar:/Users/marranzr/.m2/repository/com/google/guava/guava/r08/guava-r08.jar:/Users/marranzr/.m2/repository/com/icegreen/greenmail/1.3/greenmail-1.3.jar:/Users/marranzr/.m2/repository/xmlunit/xmlunit/1.0/xmlunit-1.0.jar:/Users/marranzr/.m2/repository/ant/ant/1.5.4/ant-1.5.4.jar:/Users/marranzr/.m2/repository/org/mortbay/jetty/jetty/6.0.2/jetty-6.0.2.jar:/Users/marranzr/.m2/repository/org/mortbay/jetty/jetty-util/6.0.2/jetty-util-6.0.2.jar:/Users/marranzr/.m2/repository/org/mortbay/jetty/servlet-api-2.5/6.0.2/servlet-api-2.5-6.0.2.jar:/Users/marranzr/.m2/repository/com/atlassian/cargo-test-runner/cargo-test-runner/2.4/cargo-test-runner-2.4.jar:/Users/marranzr/.m2/repository/org/codehaus/cargo/cargo-core-uberjar/1.0-atlassianpatch-CARGO-553-2/cargo-core-uberjar-1.0-atlassianpatch-CARGO-553-2.jar:/Users/marranzr/.m2/repository/org/easymock/easymock/2.5.2/easymock-2.5.2.jar:/Users/marranzr/.m2/repository/org/easymock/easymockclassextension/2.5.2/easymockclassextension-2.5.2.jar:/Users/marranzr/.m2/repository/org/objenesis/objenesis/1.2/objenesis-1.2.jar:/Users/marranzr/.m2/repository/org/jsoup/jsoup/1.3.3/jsoup-1.3.3.jar:/Users/marranzr/.m2/repository/com/sun/jersey/jersey-core/1.5/jersey-core-1.5.jar:/Users/marranzr/.m2/repository/com/sun/jersey/jersey-json/1.5/jersey-json-1.5.jar:/Users/marranzr/.m2/repository/org/codehaus/jettison/jettison/1.1/jettison-1.1.jar:/Users/marranzr/.m2/repository/com/sun/xml/bind/jaxb-impl/2.2.3/jaxb-impl-2.2.3.jar:/Users/marranzr/.m2/repository/javax/xml/bind/jaxb-api/2.2.2/jaxb-api-2.2.2.jar:/Users/marranzr/.m2/repository/javax/xml/stream/stax-api/1.0-2/stax-api-1.0-2.jar:/Users/marranzr/.m2/repository/org/codehaus/jackson/jackson-core-asl/1.6.1/jackson-core-asl-1.6.1.jar:/Users/marranzr/.m2/repository/org/codehaus/jackson/jackson-mapper-asl/1.6.1/jackson-mapper-asl-1.6.1.jar:/Users/marranzr/.m2/repository/org/codehaus/jackson/jackson-jaxrs/1.6.1/jackson-jaxrs-1.6.1.jar:/Users/marranzr/.m2/repository/org/codehaus/jackson/jackson-xc/1.5.5/jackson-xc-1.5.5.jar:/Users/marranzr/.m2/repository/com/sun/jersey/jersey-client/1.5/jersey-client-1.5.jar:/Users/marranzr/.m2/repository/com/sun/jersey/contribs/jersey-apache-client/1.5/jersey-apache-client-1.5.jar:/Users/marranzr/.m2/repository/com/atlassian/crowd/crowd-acceptance-test/2.2.8/crowd-acceptance-test-2.2.8.jar:/Users/marranzr/.m2/repository/com/atlassian/plugins/rest/atlassian-rest-common/2.4.0/atlassian-rest-common-2.4.0.jar:/Users/marranzr/.m2/repository/org/hibernate/hibernate-validator/4.0.2.GA/hibernate-validator-4.0.2.GA.jar:/Users/marranzr/.m2/repository/javax/validation/validation-api/1.0.0.GA/validation-api-1.0.0.GA.jar:/Users/marranzr/.m2/repository/net/sourceforge/jwebunit/jwebunit-core/2.2/jwebunit-core-2.2.jar:/Users/marranzr/.m2/repository/regexp/regexp/1.3/regexp-1.3.jar:/Users/marranzr/.m2/repository/net/sourceforge/jwebunit/jwebunit-htmlunit-plugin/2.2/jwebunit-htmlunit-plugin-2.2.jar:/Users/marranzr/.m2/repository/net/sourceforge/htmlunit/htmlunit/2.5/htmlunit-2.5.jar:/Users/marranzr/.m2/repository/net/sourceforge/htmlunit/htmlunit-core-js/2.5/htmlunit-core-js-2.5.jar:/Users/marranzr/.m2/repository/net/sourceforge/nekohtml/nekohtml/1.9.12/nekohtml-1.9.12.jar:/Users/marranzr/.m2/repository/net/sourceforge/cssparser/cssparser/0.9.5/cssparser-0.9.5.jar:/Users/marranzr/.m2/repository/org/w3c/css/sac/1.3/sac-1.3.jar:/Users/marranzr/.m2/repository/jmock/jmock/1.1.0/jmock-1.1.0.jar:/Users/marranzr/.m2/repository/org/springframework/spring-test/2.5.6.SEC02/spring-test-2.5.6.SEC02.jar:/Users/marranzr/.m2/repository/org/dbunit/dbunit/2.2/dbunit-2.2.jar:/Users/marranzr/.m2/repository/junit-addons/junit-addons/1.4/junit-addons-1.4.jar:/Users/marranzr/.m2/repository/xerces/xmlParserAPIs/2.6.2/xmlParserAPIs-2.6.2.jar:/Users/marranzr/.m2/repository/poi/poi/2.5.1-final-20040804/poi-2.5.1-final-20040804.jar:/Users/marranzr/.m2/repository/org/mockito/mockito-all/1.8.2/mockito-all-1.8.2.jar:/Users/marranzr/.m2/repository/org/springframework/spring-jdbc/2.5.6.SEC02/spring-jdbc-2.5.6.SEC02.jar:/Users/marranzr/.m2/repository/com/atlassian/crowd/crowd-rest-test/2.2.8/crowd-rest-test-2.2.8.jar:/Users/marranzr/.m2/repository/com/atlassian/crowd/crowd-rest-test-api/2.2.8/crowd-rest-test-api-2.2.8.jar:/Users/marranzr/.m2/repository/com/atlassian/crowd/crowd-rest-plugin/2.2.8/crowd-rest-plugin-2.2.8.jar:/Users/marranzr/.m2/repository/com/atlassian/crowd/crowd-rest-common/2.2.8/crowd-rest-common-2.2.8.jar:/Users/marranzr/.m2/repository/com/atlassian/crowd/crowd-rest-application-management/2.2.8/crowd-rest-application-management-2.2.8.jar:"/>
    <property name="java.vm.specification.version" value="1.0"/>
    <property name="sun.arch.data.model" value="64"/>
    <property name="java.home" value="/System/Library/Java/JavaVirtualMachines/1.6.0.jdk/Contents/Home"/>
    <property name="sun.java.command" value="/var/folders/l6/l6l-hRHfFNeLP3aUeOLv7k+++TI/-Tmp-/surefirebooter1688548729608090603.jar /var/folders/l6/l6l-hRHfFNeLP3aUeOLv7k+++TI/-Tmp-/surefire8572230735610434980tmp /var/folders/l6/l6l-hRHfFNeLP3aUeOLv7k+++TI/-Tmp-/surefire5552979006239126930tmp"/>
    <property name="java.specification.vendor" value="Sun Microsystems Inc."/>
    <property name="user.language" value="en"/>
    <property name="awt.toolkit" value="apple.awt.CToolkit"/>
    <property name="java.vm.info" value="mixed mode"/>
    <property name="java.version" value="1.6.0_29"/>
    <property name="java.ext.dirs" value="/Library/Java/Extensions:/System/Library/Java/Extensions:/System/Library/Java/JavaVirtualMachines/1.6.0.jdk/Contents/Home/lib/ext"/>
    <property name="sun.boot.class.path" value="/System/Library/Java/JavaVirtualMachines/1.6.0.jdk/Contents/Classes/jsfd.jar:/System/Library/Java/JavaVirtualMachines/1.6.0.jdk/Contents/Classes/classes.jar:/System/Library/Frameworks/JavaVM.framework/Frameworks/JavaRuntimeSupport.framework/Resources/Java/JavaRuntimeSupport.jar:/System/Library/Java/JavaVirtualMachines/1.6.0.jdk/Contents/Classes/ui.jar:/System/Library/Java/JavaVirtualMachines/1.6.0.jdk/Contents/Classes/laf.jar:/System/Library/Java/JavaVirtualMachines/1.6.0.jdk/Contents/Classes/sunrsasign.jar:/System/Library/Java/JavaVirtualMachines/1.6.0.jdk/Contents/Classes/jsse.jar:/System/Library/Java/JavaVirtualMachines/1.6.0.jdk/Contents/Classes/jce.jar:/System/Library/Java/JavaVirtualMachines/1.6.0.jdk/Contents/Classes/charsets.jar"/>
    <property name="java.vendor" value="Apple Inc."/>
    <property name="localRepository" value="/Users/marranzr/.m2/repository"/>
    <property name="file.separator" value="/"/>
    <property name="java.vendor.url.bug" value="http://bugreport.apple.com/"/>
    <property name="sun.cpu.endian" value="little"/>
    <property name="sun.io.unicode.encoding" value="UnicodeLittle"/>
    <property name="mrj.version" value="1060.1.6.0_29-402"/>
    <property name="socksNonProxyHosts" value="local|*.local|169.254/16|*.169.254/16"/>
    <property name="ftp.nonProxyHosts" value="local|*.local|169.254/16|*.169.254/16"/>
    <property name="sun.cpu.isalist" value=""/>
  </properties>
  <testcase time="0.004" classname="com.tocandotecla.jira.plugins.MyPluginTest" name="testSomething"/>
</testsuite>